06:13:13 **** Incremental Build of configuration Debug for project FinalProject ****
make all 
Building file: ../RTC_prg.c
Invoking: AVR Compiler
avr-gcc -Wall -g2 -gstabs -O0 -fpack-struct -fshort-enums -ffunction-sections -fdata-sections -std=gnu99 -funsigned-char -funsigned-bitfields -mmcu=atmega32 -DF_CPU=8000000UL -MMD -MP -MF"RTC_prg.d" -MT"RTC_prg.o" -c -o "RTC_prg.o" "../RTC_prg.c"
In file included from ../RTC_prg.c:14:
d:/hpnew/downloads/00-tools/imt tools/sdk/imt_sdk_win_64/winavr/lib/gcc/../../avr/include/util/delay.h:90:3: warning: #warning "Compiler optimizations disabled; functions from <util/delay.h> won't work as designed"
../RTC_prg.c: In function 'RTC_voidInit':
../RTC_prg.c:22: warning: pointer targets in passing argument 1 of 'LCD_WriteString' differ in signedness
../RTC_prg.c:26: warning: pointer targets in passing argument 1 of 'LCD_WriteString' differ in signedness
../RTC_prg.c:30: warning: pointer targets in passing argument 1 of 'LCD_WriteString' differ in signedness
../RTC_prg.c:34: warning: pointer targets in passing argument 1 of 'LCD_WriteString' differ in signedness
../RTC_prg.c: In function 'RTC_Write':
../RTC_prg.c:163: warning: pointer targets in passing argument 1 of 'LCD_WriteString' differ in signedness
../RTC_prg.c:169: warning: pointer targets in passing argument 1 of 'LCD_WriteString' differ in signedness
../RTC_prg.c:175: warning: pointer targets in passing argument 1 of 'LCD_WriteString' differ in signedness
../RTC_prg.c:181: warning: pointer targets in passing argument 1 of 'LCD_WriteString' differ in signedness
../RTC_prg.c:188: warning: pointer targets in passing argument 1 of 'LCD_WriteString' differ in signedness
../RTC_prg.c: In function 'RTC_Read':
../RTC_prg.c:202: warning: pointer targets in passing argument 1 of 'LCD_WriteString' differ in signedness
../RTC_prg.c:209: warning: pointer targets in passing argument 1 of 'LCD_WriteString' differ in signedness
../RTC_prg.c:215: warning: pointer targets in passing argument 1 of 'LCD_WriteString' differ in signedness
../RTC_prg.c:224: warning: pointer targets in passing argument 1 of 'LCD_WriteString' differ in signedness
../RTC_prg.c:230: warning: pointer targets in passing argument 1 of 'LCD_WriteString' differ in signedness
../RTC_prg.c:238: warning: pointer targets in passing argument 1 of 'LCD_WriteString' differ in signedness
../RTC_prg.c:243: warning: pointer targets in passing argument 1 of 'LCD_WriteString' differ in signedness
Finished building: ../RTC_prg.c
 
Building target: FinalProject.elf
Invoking: AVR C Linker
avr-gcc -Wl,-Map,FinalProject.map -mmcu=atmega32 -o "FinalProject.elf"  ./RTOS/croutine.o ./RTOS/heap_1.o ./RTOS/list.o ./RTOS/port.o ./RTOS/queue.o ./RTOS/tasks.o ./RTOS/timers.o  ./Alarm_prg.o ./DIO_prg.o ./EXTI_prg.o ./GIE_prg.o ./KPD_prg.o ./LCD_prg.o ./RTC_prg.o ./TWI_prg.o ./WDG_prg.o ./main.o ./stopwatch_prg.o   
Finished building target: FinalProject.elf
 
Invoking: AVR Create Extended Listing
avr-objdump -h -S FinalProject.elf  >"FinalProject.lss"
Finished building: FinalProject.lss
 
Create Flash image (ihex format)
avr-objcopy -R .eeprom -R .fuse -R .lock -R .signature -O ihex FinalProject.elf  "FinalProject.hex"
Finished building: FinalProject.hex
 
Invoking: Print Size
avr-size --format=avr --mcu=atmega32 FinalProject.elf
AVR Memory Usage
----------------
Device: atmega32

Program:   30250 bytes (92.3% Full)
(.text + .data + .bootloader)

Data:       1103 bytes (53.9% Full)
(.data + .bss + .noinit)


Finished building: sizedummy
 
06:15:04 **** Incremental Build of configuration Debug for project FinalProject ****
make all 
Invoking: Print Size
avr-size --format=avr --mcu=atmega32 FinalProject.elf
AVR Memory Usage
----------------
Device: atmega32

Program:   30250 bytes (92.3% Full)
(.text + .data + .bootloader)

Data:       1103 bytes (53.9% Full)
(.data + .bss + .noinit)


Finished building: sizedummy
 
