07:32:06 **** Incremental Build of configuration Debug for project Project1 ****
make all 
Building file: ../main.c
Invoking: AVR Compiler
avr-gcc -Wall -g2 -gstabs -O0 -fpack-struct -fshort-enums -ffunction-sections -fdata-sections -std=gnu99 -funsigned-char -funsigned-bitfields -mmcu=atmega32 -DF_CPU=8000000UL -MMD -MP -MF"main.d" -MT"main.o" -c -o "main.o" "../main.c"
In file included from ../main.c:11:
d:/hpnew/downloads/00-tools/imt tools/sdk/imt_sdk_win_64/winavr/lib/gcc/../../avr/include/util/delay.h:90:3: warning: #warning "Compiler optimizations disabled; functions from <util/delay.h> won't work as designed"
../main.c:16: warning: return type of 'main' is not 'int'
../main.c: In function 'main':
../main.c:30: warning: implicit declaration of function 'SPI_SlaveInit'
../main.c:38: warning: implicit declaration of function 'SPI_Tranceive'
Finished building: ../main.c
 
Building target: Project1.elf
Invoking: AVR C Linker
avr-gcc -Wl,-Map,Project1.map -mmcu=atmega32 -o "Project1.elf"  ./ADC_prg.o ./DIO_prg.o ./EXTI_prg.o ./GIE_prg.o ./KPD_prg.o ./LCD_prg.o ./SPI_prg.o ./Seg7_prg.o ./Timer_prg.o ./UART_prg.o ./WDG_prg.o ./main.o   
Finished building target: Project1.elf
 
Invoking: AVR Create Extended Listing
avr-objdump -h -S Project1.elf  >"Project1.lss"
Finished building: Project1.lss
 
Create Flash image (ihex format)
avr-objcopy -R .eeprom -R .fuse -R .lock -R .signature -O ihex Project1.elf  "Project1.hex"
Finished building: Project1.hex
 
Invoking: Print Size
avr-size --format=avr --mcu=atmega32 Project1.elf
AVR Memory Usage
----------------
Device: atmega32

Program:   10584 bytes (32.3% Full)
(.text + .data + .bootloader)

Data:         44 bytes (2.1% Full)
(.data + .bss + .noinit)


Finished building: sizedummy
 

07:32:10 Build Finished (took 3s.442ms)

